# JRE version: Java(TM) SE Runtime Environment (8.0_131-b11) (build 1.8.0_131-b11)
# Java VM: Java HotSpot(TM) 64-Bit Server VM (25.131-b11 mixed mode windows-amd64 compressed oops)
Heap:
 PSYoungGen      total 187392K, used 88316K [0x00000000d5f80000, 0x00000000e3400000, 0x0000000100000000)
  eden space 177664K, 48% used [0x00000000d5f80000,0x00000000db40b018,0x00000000e0d00000)
  from space 9728K, 17% used [0x00000000e1680000,0x00000000e1834010,0x00000000e2000000)
  to   space 9728K, 0% used [0x00000000e0d00000,0x00000000e0d00000,0x00000000e1680000)
 ParOldGen       total 55296K, used 8264K [0x0000000081e00000, 0x0000000085400000, 0x00000000d5f80000)
  object space 55296K, 14% used [0x0000000081e00000,0x0000000082612348,0x0000000085400000)
 Metaspace       used 24399K, capacity 25068K, committed 25344K, reserved 1071104K
  class space    used 3070K, capacity 3236K, committed 3328K, reserved 1048576K
GC Heap History (10 events):
Event: 3.795 GC heap before
{Heap before GC invocations=5 (full 0):
 PSYoungGen      total 71680K, used 44451K [0x00000000d5f80000, 0x00000000daa80000, 0x0000000100000000)
  eden space 66560K, 59% used [0x00000000d5f80000,0x00000000d85ec4c0,0x00000000da080000)
  from space 5120K, 99% used [0x00000000da580000,0x00000000daa7c9e0,0x00000000daa80000)
  to   space 5120K, 0% used [0x00000000da080000,0x00000000da080000,0x00000000da580000)
 ParOldGen       total 87552K, used 1432K [0x0000000081e00000, 0x0000000087380000, 0x00000000d5f80000)
  object space 87552K, 1% used [0x0000000081e00000,0x0000000081f66348,0x0000000087380000)
 Metaspace       used 20542K, capacity 21074K, committed 21248K, reserved 1067008K
  class space    used 2628K, capacity 2789K, committed 2816K, reserved 1048576K
Event: 3.804 GC heap after
Heap after GC invocations=5 (full 0):
 PSYoungGen      total 71680K, used 5117K [0x00000000d5f80000, 0x00000000df280000, 0x0000000100000000)
  eden space 66560K, 0% used [0x00000000d5f80000,0x00000000d5f80000,0x00000000da080000)
  from space 5120K, 99% used [0x00000000da080000,0x00000000da57f7b8,0x00000000da580000)
  to   space 8704K, 0% used [0x00000000dea00000,0x00000000dea00000,0x00000000df280000)
 ParOldGen       total 87552K, used 4706K [0x0000000081e00000, 0x0000000087380000, 0x00000000d5f80000)
  object space 87552K, 5% used [0x0000000081e00000,0x00000000822988d0,0x0000000087380000)
 Metaspace       used 20542K, capacity 21074K, committed 21248K, reserved 1067008K
  class space    used 2628K, capacity 2789K, committed 2816K, reserved 1048576K
}
Event: 3.804 GC heap before
{Heap before GC invocations=6 (full 1):
 PSYoungGen      total 71680K, used 5117K [0x00000000d5f80000, 0x00000000df280000, 0x0000000100000000)
  eden space 66560K, 0% used [0x00000000d5f80000,0x00000000d5f80000,0x00000000da080000)
  from space 5120K, 99% used [0x00000000da080000,0x00000000da57f7b8,0x00000000da580000)
  to   space 8704K, 0% used [0x00000000dea00000,0x00000000dea00000,0x00000000df280000)
 ParOldGen       total 87552K, used 4706K [0x0000000081e00000, 0x0000000087380000, 0x00000000d5f80000)
  object space 87552K, 5% used [0x0000000081e00000,0x00000000822988d0,0x0000000087380000)
 Metaspace       used 20542K, capacity 21074K, committed 21248K, reserved 1067008K
  class space    used 2628K, capacity 2789K, committed 2816K, reserved 1048576K
Event: 3.832 GC heap after
Heap after GC invocations=6 (full 1):
 PSYoungGen      total 71680K, used 0K [0x00000000d5f80000, 0x00000000df280000, 0x0000000100000000)
  eden space 66560K, 0% used [0x00000000d5f80000,0x00000000d5f80000,0x00000000da080000)
  from space 5120K, 0% used [0x00000000da080000,0x00000000da080000,0x00000000da580000)
  to   space 8704K, 0% used [0x00000000dea00000,0x00000000dea00000,0x00000000df280000)
 ParOldGen       total 55296K, used 8184K [0x0000000081e00000, 0x0000000085400000, 0x00000000d5f80000)
  object space 55296K, 14% used [0x0000000081e00000,0x00000000825fe338,0x0000000085400000)
 Metaspace       used 20542K, capacity 21074K, committed 21248K, reserved 1067008K
  class space    used 2628K, capacity 2789K, committed 2816K, reserved 1048576K
}
Event: 4.201 GC heap before
{Heap before GC invocations=7 (full 1):
 PSYoungGen      total 71680K, used 66560K [0x00000000d5f80000, 0x00000000df280000, 0x0000000100000000)
  eden space 66560K, 100% used [0x00000000d5f80000,0x00000000da080000,0x00000000da080000)
  from space 5120K, 0% used [0x00000000da080000,0x00000000da080000,0x00000000da580000)
  to   space 8704K, 0% used [0x00000000dea00000,0x00000000dea00000,0x00000000df280000)
 ParOldGen       total 55296K, used 8184K [0x0000000081e00000, 0x0000000085400000, 0x00000000d5f80000)
  object space 55296K, 14% used [0x0000000081e00000,0x00000000825fe338,0x0000000085400000)
 Metaspace       used 22456K, capacity 23110K, committed 23296K, reserved 1069056K
  class space    used 2855K, capacity 3027K, committed 3072K, reserved 1048576K
Event: 4.204 GC heap after
Heap after GC invocations=7 (full 1):
 PSYoungGen      total 111616K, used 1534K [0x00000000d5f80000, 0x00000000deb80000, 0x0000000100000000)
  eden space 110080K, 0% used [0x00000000d5f80000,0x00000000d5f80000,0x00000000dcb00000)
  from space 1536K, 99% used [0x00000000dea00000,0x00000000deb7f8c0,0x00000000deb80000)
  to   space 9216K, 0% used [0x00000000dd980000,0x00000000dd980000,0x00000000de280000)
 ParOldGen       total 55296K, used 8192K [0x0000000081e00000, 0x0000000085400000, 0x00000000d5f80000)
  object space 55296K, 14% used [0x0000000081e00000,0x0000000082600338,0x0000000085400000)
 Metaspace       used 22456K, capacity 23110K, committed 23296K, reserved 1069056K
  class space    used 2855K, capacity 3027K, committed 3072K, reserved 1048576K
}
Event: 4.696 GC heap before
{Heap before GC invocations=8 (full 1):
 PSYoungGen      total 111616K, used 111614K [0x00000000d5f80000, 0x00000000deb80000, 0x0000000100000000)
  eden space 110080K, 100% used [0x00000000d5f80000,0x00000000dcb00000,0x00000000dcb00000)
  from space 1536K, 99% used [0x00000000dea00000,0x00000000deb7f8c0,0x00000000deb80000)
  to   space 9216K, 0% used [0x00000000dd980000,0x00000000dd980000,0x00000000de280000)
 ParOldGen       total 55296K, used 8192K [0x0000000081e00000, 0x0000000085400000, 0x00000000d5f80000)
  object space 55296K, 14% used [0x0000000081e00000,0x0000000082600338,0x0000000085400000)
 Metaspace       used 23426K, capacity 24088K, committed 24448K, reserved 1071104K
  class space    used 2981K, capacity 3158K, committed 3200K, reserved 1048576K
Event: 4.699 GC heap after
Heap after GC invocations=8 (full 1):
 PSYoungGen      total 134144K, used 1717K [0x00000000d5f80000, 0x00000000e2000000, 0x0000000100000000)
  eden space 124928K, 0% used [0x00000000d5f80000,0x00000000d5f80000,0x00000000dd980000)
  from space 9216K, 18% used [0x00000000dd980000,0x00000000ddb2d750,0x00000000de280000)
  to   space 9728K, 0% used [0x00000000e1680000,0x00000000e1680000,0x00000000e2000000)
 ParOldGen       total 55296K, used 8192K [0x0000000081e00000, 0x0000000085400000, 0x00000000d5f80000)
  object space 55296K, 14% used [0x0000000081e00000,0x0000000082600338,0x0000000085400000)
 Metaspace       used 23426K, capacity 24088K, committed 24448K, reserved 1071104K
  class space    used 2981K, capacity 3158K, committed 3200K, reserved 1048576K
}
Event: 5.187 GC heap before
{Heap before GC invocations=9 (full 1):
 PSYoungGen      total 134144K, used 126645K [0x00000000d5f80000, 0x00000000e2000000, 0x0000000100000000)
  eden space 124928K, 100% used [0x00000000d5f80000,0x00000000dd980000,0x00000000dd980000)
  from space 9216K, 18% used [0x00000000dd980000,0x00000000ddb2d750,0x00000000de280000)
  to   space 9728K, 0% used [0x00000000e1680000,0x00000000e1680000,0x00000000e2000000)
 ParOldGen       total 55296K, used 8192K [0x0000000081e00000, 0x0000000085400000, 0x00000000d5f80000)
  object space 55296K, 14% used [0x0000000081e00000,0x0000000082600338,0x0000000085400000)
 Metaspace       used 23509K, capacity 24152K, committed 24448K, reserved 1071104K
  class space    used 2981K, capacity 3158K, committed 3200K, reserved 1048576K
Event: 5.191 GC heap after
Heap after GC invocations=9 (full 1):
 PSYoungGen      total 187392K, used 1744K [0x00000000d5f80000, 0x00000000e3400000, 0x0000000100000000)
  eden space 177664K, 0% used [0x00000000d5f80000,0x00000000d5f80000,0x00000000e0d00000)
  from space 9728K, 17% used [0x00000000e1680000,0x00000000e1834010,0x00000000e2000000)
  to   space 9728K, 0% used [0x00000000e0d00000,0x00000000e0d00000,0x00000000e1680000)
 ParOldGen       total 55296K, used 8264K [0x0000000081e00000, 0x0000000085400000, 0x00000000d5f80000)
  object space 55296K, 14% used [0x0000000081e00000,0x0000000082612348,0x0000000085400000)
 Metaspace       used 23509K, capacity 24152K, committed 24448K, reserved 1071104K
  class space    used 2981K, capacity 3158K, committed 3200K, reserved 1048576K
}

