# JRE version: Java(TM) SE Runtime Environment (8.0_131-b11) (build 1.8.0_131-b11)
# Java VM: Java HotSpot(TM) 64-Bit Server VM (25.131-b11 mixed mode windows-amd64 compressed oops)
Heap:
 PSYoungGen      total 196096K, used 119382K [0x00000000d5f80000, 0x00000000e2980000, 0x0000000100000000)
  eden space 185344K, 64% used [0x00000000d5f80000,0x00000000dd415b30,0x00000000e1480000)
  from space 10752K, 0% used [0x00000000e1480000,0x00000000e1480000,0x00000000e1f00000)
  to   space 9728K, 0% used [0x00000000e1f00000,0x00000000e1f00000,0x00000000e2880000)
 ParOldGen       total 60928K, used 20232K [0x0000000081e00000, 0x0000000085980000, 0x00000000d5f80000)
  object space 60928K, 33% used [0x0000000081e00000,0x00000000831c2170,0x0000000085980000)
 Metaspace       used 36520K, capacity 38152K, committed 38400K, reserved 1083392K
  class space    used 4700K, capacity 5012K, committed 5120K, reserved 1048576K
GC Heap History (10 events):
Event: 4.436 GC heap before
{Heap before GC invocations=9 (full 1):
 PSYoungGen      total 135168K, used 127520K [0x00000000d5f80000, 0x00000000e0100000, 0x0000000100000000)
  eden space 125952K, 100% used [0x00000000d5f80000,0x00000000dda80000,0x00000000dda80000)
  from space 9216K, 17% used [0x00000000dda80000,0x00000000ddc08000,0x00000000de380000)
  to   space 9216K, 0% used [0x00000000df800000,0x00000000df800000,0x00000000e0100000)
 ParOldGen       total 60928K, used 8049K [0x0000000081e00000, 0x0000000085980000, 0x00000000d5f80000)
  object space 60928K, 13% used [0x0000000081e00000,0x00000000825dc4a8,0x0000000085980000)
 Metaspace       used 23494K, capacity 24156K, committed 24448K, reserved 1071104K
  class space    used 2982K, capacity 3158K, committed 3200K, reserved 1048576K
Event: 4.440 GC heap after
Heap after GC invocations=9 (full 1):
 PSYoungGen      total 155648K, used 1792K [0x00000000d5f80000, 0x00000000e2600000, 0x0000000100000000)
  eden space 146432K, 0% used [0x00000000d5f80000,0x00000000d5f80000,0x00000000dee80000)
  from space 9216K, 19% used [0x00000000df800000,0x00000000df9c0000,0x00000000e0100000)
  to   space 9728K, 0% used [0x00000000dee80000,0x00000000dee80000,0x00000000df800000)
 ParOldGen       total 60928K, used 8049K [0x0000000081e00000, 0x0000000085980000, 0x00000000d5f80000)
  object space 60928K, 13% used [0x0000000081e00000,0x00000000825dc4a8,0x0000000085980000)
 Metaspace       used 23494K, capacity 24156K, committed 24448K, reserved 1071104K
  class space    used 2982K, capacity 3158K, committed 3200K, reserved 1048576K
}
Event: 5.347 GC heap before
{Heap before GC invocations=10 (full 1):
 PSYoungGen      total 155648K, used 148224K [0x00000000d5f80000, 0x00000000e2600000, 0x0000000100000000)
  eden space 146432K, 100% used [0x00000000d5f80000,0x00000000dee80000,0x00000000dee80000)
  from space 9216K, 19% used [0x00000000df800000,0x00000000df9c0000,0x00000000e0100000)
  to   space 9728K, 0% used [0x00000000dee80000,0x00000000dee80000,0x00000000df800000)
 ParOldGen       total 60928K, used 8049K [0x0000000081e00000, 0x0000000085980000, 0x00000000d5f80000)
  object space 60928K, 13% used [0x0000000081e00000,0x00000000825dc4a8,0x0000000085980000)
 Metaspace       used 25160K, capacity 25936K, committed 26240K, reserved 1073152K
  class space    used 3156K, capacity 3352K, committed 3456K, reserved 1048576K
Event: 5.356 GC heap after
Heap after GC invocations=10 (full 1):
 PSYoungGen      total 156160K, used 6525K [0x00000000d5f80000, 0x00000000e2880000, 0x0000000100000000)
  eden space 146432K, 0% used [0x00000000d5f80000,0x00000000d5f80000,0x00000000dee80000)
  from space 9728K, 67% used [0x00000000dee80000,0x00000000df4df760,0x00000000df800000)
  to   space 9728K, 0% used [0x00000000e1f00000,0x00000000e1f00000,0x00000000e2880000)
 ParOldGen       total 60928K, used 8057K [0x0000000081e00000, 0x0000000085980000, 0x00000000d5f80000)
  object space 60928K, 13% used [0x0000000081e00000,0x00000000825de4a8,0x0000000085980000)
 Metaspace       used 25160K, capacity 25936K, committed 26240K, reserved 1073152K
  class space    used 3156K, capacity 3352K, committed 3456K, reserved 1048576K
}
Event: 6.610 GC heap before
{Heap before GC invocations=11 (full 1):
 PSYoungGen      total 156160K, used 152957K [0x00000000d5f80000, 0x00000000e2880000, 0x0000000100000000)
  eden space 146432K, 100% used [0x00000000d5f80000,0x00000000dee80000,0x00000000dee80000)
  from space 9728K, 67% used [0x00000000dee80000,0x00000000df4df760,0x00000000df800000)
  to   space 9728K, 0% used [0x00000000e1f00000,0x00000000e1f00000,0x00000000e2880000)
 ParOldGen       total 60928K, used 8057K [0x0000000081e00000, 0x0000000085980000, 0x00000000d5f80000)
  object space 60928K, 13% used [0x0000000081e00000,0x00000000825de4a8,0x0000000085980000)
 Metaspace       used 28354K, capacity 29212K, committed 29440K, reserved 1075200K
  class space    used 3605K, capacity 3802K, committed 3840K, reserved 1048576K
Event: 6.620 GC heap after
Heap after GC invocations=11 (full 1):
 PSYoungGen      total 195072K, used 9024K [0x00000000d5f80000, 0x00000000e2980000, 0x0000000100000000)
  eden space 185344K, 0% used [0x00000000d5f80000,0x00000000d5f80000,0x00000000e1480000)
  from space 9728K, 92% used [0x00000000e1f00000,0x00000000e27d0230,0x00000000e2880000)
  to   space 10752K, 0% used [0x00000000e1480000,0x00000000e1480000,0x00000000e1f00000)
 ParOldGen       total 60928K, used 8065K [0x0000000081e00000, 0x0000000085980000, 0x00000000d5f80000)
  object space 60928K, 13% used [0x0000000081e00000,0x00000000825e04a8,0x0000000085980000)
 Metaspace       used 28354K, capacity 29212K, committed 29440K, reserved 1075200K
  class space    used 3605K, capacity 3802K, committed 3840K, reserved 1048576K
}
Event: 8.362 GC heap before
{Heap before GC invocations=12 (full 1):
 PSYoungGen      total 195072K, used 140508K [0x00000000d5f80000, 0x00000000e2980000, 0x0000000100000000)
  eden space 185344K, 70% used [0x00000000d5f80000,0x00000000ddfe7198,0x00000000e1480000)
  from space 9728K, 92% used [0x00000000e1f00000,0x00000000e27d0230,0x00000000e2880000)
  to   space 10752K, 0% used [0x00000000e1480000,0x00000000e1480000,0x00000000e1f00000)
 ParOldGen       total 60928K, used 8065K [0x0000000081e00000, 0x0000000085980000, 0x00000000d5f80000)
  object space 60928K, 13% used [0x0000000081e00000,0x00000000825e04a8,0x0000000085980000)
 Metaspace       used 33993K, capacity 35294K, committed 35416K, reserved 1081344K
  class space    used 4330K, capacity 4585K, committed 4608K, reserved 1048576K
Event: 8.382 GC heap after
Heap after GC invocations=12 (full 1):
 PSYoungGen      total 196096K, used 10747K [0x00000000d5f80000, 0x00000000e2980000, 0x0000000100000000)
  eden space 185344K, 0% used [0x00000000d5f80000,0x00000000d5f80000,0x00000000e1480000)
  from space 10752K, 99% used [0x00000000e1480000,0x00000000e1efec40,0x00000000e1f00000)
  to   space 9728K, 0% used [0x00000000e1f00000,0x00000000e1f00000,0x00000000e2880000)
 ParOldGen       total 60928K, used 13532K [0x0000000081e00000, 0x0000000085980000, 0x00000000d5f80000)
  object space 60928K, 22% used [0x0000000081e00000,0x0000000082b37198,0x0000000085980000)
 Metaspace       used 33993K, capacity 35294K, committed 35416K, reserved 1081344K
  class space    used 4330K, capacity 4585K, committed 4608K, reserved 1048576K
}
Event: 8.382 GC heap before
{Heap before GC invocations=13 (full 2):
 PSYoungGen      total 196096K, used 10747K [0x00000000d5f80000, 0x00000000e2980000, 0x0000000100000000)
  eden space 185344K, 0% used [0x00000000d5f80000,0x00000000d5f80000,0x00000000e1480000)
  from space 10752K, 99% used [0x00000000e1480000,0x00000000e1efec40,0x00000000e1f00000)
  to   space 9728K, 0% used [0x00000000e1f00000,0x00000000e1f00000,0x00000000e2880000)
 ParOldGen       total 60928K, used 13532K [0x0000000081e00000, 0x0000000085980000, 0x00000000d5f80000)
  object space 60928K, 22% used [0x0000000081e00000,0x0000000082b37198,0x0000000085980000)
 Metaspace       used 33993K, capacity 35294K, committed 35416K, reserved 1081344K
  class space    used 4330K, capacity 4585K, committed 4608K, reserved 1048576K
Event: 8.465 GC heap after
Heap after GC invocations=13 (full 2):
 PSYoungGen      total 196096K, used 0K [0x00000000d5f80000, 0x00000000e2980000, 0x0000000100000000)
  eden space 185344K, 0% used [0x00000000d5f80000,0x00000000d5f80000,0x00000000e1480000)
  from space 10752K, 0% used [0x00000000e1480000,0x00000000e1480000,0x00000000e1f00000)
  to   space 9728K, 0% used [0x00000000e1f00000,0x00000000e1f00000,0x00000000e2880000)
 ParOldGen       total 60928K, used 20232K [0x0000000081e00000, 0x0000000085980000, 0x00000000d5f80000)
  object space 60928K, 33% used [0x0000000081e00000,0x00000000831c2170,0x0000000085980000)
 Metaspace       used 33993K, capacity 35294K, committed 35416K, reserved 1081344K
  class space    used 4330K, capacity 4585K, committed 4608K, reserved 1048576K
}

